ANNOVAR Version:
	$Date: 2016-02-01 00:11:04 -0800 (Mon,  1 Feb 2016) $
ANNOVAR Information:
	For questions, comments, documentation, bug reports and program update, please visit http://www.openbioinformatics.org/annovar/
ANNOVAR Command:
	/home/cancer/Public/ANNOVAR/annovar/annotate_variation.pl --regionanno CNV_resistance_amplification_both_single-cell_cohort_region.avinput /home/cancer/Public/ANNOVAR/annovar/humandb/ --thread 8 --dbtype bed --bedfile hg19_refGene_from_UCSC.sorted.bed --colsWanted 4 --buildver hg19 --outfile CNV_resistance_amplification_both_single-cell_cohort_region.avoutput
ANNOVAR Started:
	Mon May 22 13:36:49 2017
NOTICE: Output file is written to CNV_resistance_amplification_both_single-cell_cohort_region.avoutput.hg19_bed
NOTICE: the queryfile contains 81 lines
NOTICE: Creating new threads for query line 1 to 11
NOTICE: Creating new threads for query line 12 to 22
NOTICE: Creating new threads for query line 23 to 33
NOTICE: Creating new threads for query line 34 to 44
NOTICE: Creating new threads for query line 45 to 55
NOTICE: Creating new threads for query line 56 to 66
NOTICE: Creating new threads for query line 67 to 77
NOTICE: Creating new threads for query line 78 to 81
NOTICE: Reading annotation database /home/cancer/Public/ANNOVAR/annovar/humandb/hg19_refGene_from_UCSC.sorted.bed ... Done with 62512 regions
NOTICE: Finished region-based annotation on 11 genetic variants
NOTICE: Reading annotation database /home/cancer/Public/ANNOVAR/annovar/humandb/hg19_refGene_from_UCSC.sorted.bed ... Done with 62512 regions
NOTICE: Finished region-based annotation on 11 genetic variants
NOTICE: Reading annotation database /home/cancer/Public/ANNOVAR/annovar/humandb/hg19_refGene_from_UCSC.sorted.bed ... Done with 62512 regions
NOTICE: Finished region-based annotation on 11 genetic variants
NOTICE: Reading annotation database /home/cancer/Public/ANNOVAR/annovar/humandb/hg19_refGene_from_UCSC.sorted.bed ... Done with 62512 regions
NOTICE: Finished region-based annotation on 11 genetic variants
NOTICE: Reading annotation database /home/cancer/Public/ANNOVAR/annovar/humandb/hg19_refGene_from_UCSC.sorted.bed ... Done with 62512 regions
NOTICE: Finished region-based annotation on 11 genetic variants
NOTICE: Reading annotation database /home/cancer/Public/ANNOVAR/annovar/humandb/hg19_refGene_from_UCSC.sorted.bed ... Done with 62512 regions
NOTICE: Finished region-based annotation on 4 genetic variants
NOTICE: Reading annotation database /home/cancer/Public/ANNOVAR/annovar/humandb/hg19_refGene_from_UCSC.sorted.bed ... Done with 62512 regions
NOTICE: Finished region-based annotation on 11 genetic variants
NOTICE: Reading annotation database /home/cancer/Public/ANNOVAR/annovar/humandb/hg19_refGene_from_UCSC.sorted.bed ... Done with 62512 regions
NOTICE: Finished region-based annotation on 11 genetic variants
